2014-06-14 23:19:07.061 HelloCordova[84797:90b] Multi-tasking -> Device: YES, App: YES
2014-06-14 23:19:07.147 HelloCordova[84797:90b] Unlimited access to network resources
2014-06-14 23:19:07.651 HelloCordova[84797:90b] [CDVTimer][keyboard] 0.112951ms
2014-06-14 23:19:07.654 HelloCordova[84797:90b] CDVPlugin class CDVStatusBar (pluginName: statusbar) does not exist.
2014-06-14 23:19:07.655 HelloCordova[84797:90b] [CDVTimer][statusbar] 1.052976ms
2014-06-14 23:19:07.656 HelloCordova[84797:90b] [CDVTimer][TotalPluginStartup] 5.022943ms
2014-06-14 23:19:08.094 HelloCordova[84797:90b] Resetting plugins due to page load.
2014-06-14 23:19:08.715 HelloCordova[84797:90b] Finished load of: file:///Users/mike/Library/Application%20Support/iPhone%20Simulator/7.1/Applications/BCA194B0-BB02-46C8-90AD-DD3A42A40466/HelloCordova.app/www/index.html#/tab/dash
2014-06-15 22:16:00.576 HelloCordova[49170:90b] Multi-tasking -> Device: YES, App: YES
2014-06-15 22:16:00.593 HelloCordova[49170:90b] Unlimited access to network resources
2014-06-15 22:16:00.632 HelloCordova[49170:90b] [CDVTimer][keyboard] 0.106990ms
2014-06-15 22:16:00.633 HelloCordova[49170:90b] CDVPlugin class CDVStatusBar (pluginName: statusbar) does not exist.
2014-06-15 22:16:00.638 HelloCordova[49170:90b] [CDVTimer][statusbar] 5.360007ms
2014-06-15 22:16:00.641 HelloCordova[49170:90b] [CDVTimer][TotalPluginStartup] 9.658039ms
2014-06-15 22:16:00.886 HelloCordova[49170:90b] Resetting plugins due to page load.
2014-06-15 22:16:01.389 HelloCordova[49170:90b] Finished load of: file:///Users/mike/Library/Application%20Support/iPhone%20Simulator/7.1/Applications/BCA194B0-BB02-46C8-90AD-DD3A42A40466/HelloCordova.app/www/index.html#/tab/dash
2014-06-15 22:17:36.291 HelloCordova[49533:90b] Multi-tasking -> Device: YES, App: YES
2014-06-15 22:17:36.299 HelloCordova[49533:90b] Unlimited access to network resources
2014-06-15 22:17:36.318 HelloCordova[49533:90b] [CDVTimer][keyboard] 0.129044ms
2014-06-15 22:17:36.319 HelloCordova[49533:90b] CDVPlugin class CDVStatusBar (pluginName: statusbar) does not exist.
2014-06-15 22:17:36.319 HelloCordova[49533:90b] [CDVTimer][statusbar] 0.609040ms
2014-06-15 22:17:36.320 HelloCordova[49533:90b] [CDVTimer][TotalPluginStartup] 1.986027ms
2014-06-15 22:17:36.448 HelloCordova[49533:90b] Resetting plugins due to page load.
2014-06-15 22:17:36.737 HelloCordova[49533:90b] Finished load of: file:///Users/mike/Library/Application%20Support/iPhone%20Simulator/7.1/Applications/BCA194B0-BB02-46C8-90AD-DD3A42A40466/HelloCordova.app/www/index.html#/tab/dash
2014-06-15 22:18:03.563 HelloCordova[49533:90b] Received memory warning.
2014-06-15 22:19:44.251 HelloCordova[49862:90b] Multi-tasking -> Device: YES, App: YES
2014-06-15 22:19:44.266 HelloCordova[49862:90b] Unlimited access to network resources
2014-06-15 22:19:44.307 HelloCordova[49862:90b] [CDVTimer][keyboard] 0.111043ms
2014-06-15 22:19:44.307 HelloCordova[49862:90b] CDVPlugin class CDVStatusBar (pluginName: statusbar) does not exist.
2014-06-15 22:19:44.308 HelloCordova[49862:90b] [CDVTimer][statusbar] 0.536978ms
2014-06-15 22:19:44.313 HelloCordova[49862:90b] [CDVTimer][TotalPluginStartup] 6.660044ms
2014-06-15 22:19:44.481 HelloCordova[49862:90b] Resetting plugins due to page load.
2014-06-15 22:19:44.968 HelloCordova[49862:90b] Finished load of: file:///Users/mike/Library/Application%20Support/iPhone%20Simulator/7.1/Applications/BCA194B0-BB02-46C8-90AD-DD3A42A40466/HelloCordova.app/www/index.html#/tab/dash
2014-06-15 22:23:47.334 HelloCordova[49862:90b] Received memory warning.
2014-06-15 22:24:50.994 HelloCordova[50530:90b] Multi-tasking -> Device: YES, App: YES
2014-06-15 22:24:51.008 HelloCordova[50530:90b] Unlimited access to network resources
2014-06-15 22:24:51.047 HelloCordova[50530:90b] [CDVTimer][keyboard] 0.108004ms
2014-06-15 22:24:51.048 HelloCordova[50530:90b] CDVPlugin class CDVStatusBar (pluginName: statusbar) does not exist.
2014-06-15 22:24:51.048 HelloCordova[50530:90b] [CDVTimer][statusbar] 0.396967ms
2014-06-15 22:24:51.048 HelloCordova[50530:90b] [CDVTimer][TotalPluginStartup] 1.352966ms
2014-06-15 22:24:51.292 HelloCordova[50530:90b] Resetting plugins due to page load.
2014-06-15 22:24:51.970 HelloCordova[50530:90b] Finished load of: file:///Users/mike/Library/Application%20Support/iPhone%20Simulator/7.1/Applications/BCA194B0-BB02-46C8-90AD-DD3A42A40466/HelloCordova.app/www/index.html#/tab/dash
2014-06-15 22:26:43.338 HelloCordova[50900:90b] Multi-tasking -> Device: YES, App: YES
2014-06-15 22:26:43.353 HelloCordova[50900:90b] Unlimited access to network resources
2014-06-15 22:26:43.386 HelloCordova[50900:90b] [CDVTimer][keyboard] 0.110030ms
2014-06-15 22:26:43.387 HelloCordova[50900:90b] CDVPlugin class CDVStatusBar (pluginName: statusbar) does not exist.
2014-06-15 22:26:43.387 HelloCordova[50900:90b] [CDVTimer][statusbar] 0.363052ms
2014-06-15 22:26:43.388 HelloCordova[50900:90b] [CDVTimer][TotalPluginStartup] 1.295984ms
2014-06-15 22:26:43.487 HelloCordova[50900:90b] Resetting plugins due to page load.
2014-06-15 22:26:43.744 HelloCordova[50900:90b] Finished load of: file:///Users/mike/Library/Application%20Support/iPhone%20Simulator/7.1/Applications/BCA194B0-BB02-46C8-90AD-DD3A42A40466/HelloCordova.app/www/index.html#/tab/dash
2014-06-15 22:29:24.661 HelloCordova[51447:90b] Multi-tasking -> Device: YES, App: YES
2014-06-15 22:29:24.671 HelloCordova[51447:90b] Unlimited access to network resources
2014-06-15 22:29:24.702 HelloCordova[51447:90b] [CDVTimer][keyboard] 0.112951ms
2014-06-15 22:29:24.702 HelloCordova[51447:90b] CDVPlugin class CDVStatusBar (pluginName: statusbar) does not exist.
2014-06-15 22:29:24.703 HelloCordova[51447:90b] [CDVTimer][statusbar] 0.355005ms
2014-06-15 22:29:24.703 HelloCordova[51447:90b] [CDVTimer][TotalPluginStartup] 1.251996ms
2014-06-15 22:29:24.938 HelloCordova[51447:90b] Resetting plugins due to page load.
2014-06-15 22:29:25.516 HelloCordova[51447:90b] Finished load of: file:///Users/mike/Library/Application%20Support/iPhone%20Simulator/7.1/Applications/BCA194B0-BB02-46C8-90AD-DD3A42A40466/HelloCordova.app/www/index.html#/tab/dash
2014-06-16 20:02:54.723 HelloCordova[11634:90b] Multi-tasking -> Device: YES, App: YES
2014-06-16 20:02:54.735 HelloCordova[11634:90b] Unlimited access to network resources
2014-06-16 20:02:54.768 HelloCordova[11634:90b] [CDVTimer][keyboard] 0.104964ms
2014-06-16 20:02:54.769 HelloCordova[11634:90b] CDVPlugin class CDVStatusBar (pluginName: statusbar) does not exist.
2014-06-16 20:02:54.769 HelloCordova[11634:90b] [CDVTimer][statusbar] 0.366032ms
2014-06-16 20:02:54.769 HelloCordova[11634:90b] [CDVTimer][TotalPluginStartup] 1.274943ms
2014-06-16 20:02:55.241 HelloCordova[11634:90b] Resetting plugins due to page load.
2014-06-16 20:02:55.484 HelloCordova[11634:90b] Finished load of: file:///Users/mike/Library/Application%20Support/iPhone%20Simulator/7.1/Applications/BCA194B0-BB02-46C8-90AD-DD3A42A40466/HelloCordova.app/www/index.html#/tab/dash
2014-06-16 20:18:22.758 Roadtrip[12629:90b] Multi-tasking -> Device: YES, App: YES
2014-06-16 20:18:22.770 Roadtrip[12629:90b] Unlimited access to network resources
2014-06-16 20:18:22.781 Roadtrip[12629:90b] Fix applied for database locations?: YES
2014-06-16 20:18:22.820 Roadtrip[12629:90b] [CDVTimer][keyboard] 0.146031ms
2014-06-16 20:18:22.821 Roadtrip[12629:90b] CDVPlugin class CDVStatusBar (pluginName: statusbar) does not exist.
2014-06-16 20:18:22.821 Roadtrip[12629:90b] [CDVTimer][statusbar] 0.340998ms
2014-06-16 20:18:22.821 Roadtrip[12629:90b] [CDVTimer][TotalPluginStartup] 1.316011ms
2014-06-16 20:18:23.067 Roadtrip[12629:90b] Resetting plugins due to page load.
2014-06-16 20:18:23.383 Roadtrip[12629:90b] Finished load of: file:///Users/mike/Library/Application%20Support/iPhone%20Simulator/7.1/Applications/CC6F1BD0-4B78-416B-BD30-D72516360F48/Roadtrip.app/www/index.html#/tab/dash
